0 info it worked if it ends with ok
1 verbose cli [ '/usr/bin/node', '/usr/local/bin/npm', 'start' ]
2 info using npm@6.8.0
3 info using node@v8.10.0
4 verbose run-script [ 'prestart', 'start', 'poststart' ]
5 info lifecycle nurture.com@0.1.0~prestart: nurture.com@0.1.0
6 info lifecycle nurture.com@0.1.0~start: nurture.com@0.1.0
7 verbose lifecycle nurture.com@0.1.0~start: unsafe-perm in lifecycle true
8 verbose lifecycle nurture.com@0.1.0~start: PATH: /usr/local/lib/node_modules/npm/node_modules/npm-lifecycle/node-gyp-bin:/home/ankit/nurture.com/node_modules/.bin:/usr/local/sbin:/usr/local/bin:/usr/sbin:/usr/bin:/sbin:/bin:/usr/games:/usr/local/games:/snap/bin
9 verbose lifecycle nurture.com@0.1.0~start: CWD: /home/ankit/nurture.com
10 silly lifecycle nurture.com@0.1.0~start: Args: [ '-c', 'react-scripts start' ]
11 silly lifecycle nurture.com@0.1.0~start: Returned: code: 1  signal: null
12 info lifecycle nurture.com@0.1.0~start: Failed to exec start script
13 verbose stack Error: nurture.com@0.1.0 start: `react-scripts start`
13 verbose stack Exit status 1
13 verbose stack     at EventEmitter.<anonymous> (/usr/local/lib/node_modules/npm/node_modules/npm-lifecycle/index.js:301:16)
13 verbose stack     at emitTwo (events.js:126:13)
13 verbose stack     at EventEmitter.emit (events.js:214:7)
13 verbose stack     at ChildProcess.<anonymous> (/usr/local/lib/node_modules/npm/node_modules/npm-lifecycle/lib/spawn.js:55:14)
13 verbose stack     at emitTwo (events.js:126:13)
13 verbose stack     at ChildProcess.emit (events.js:214:7)
13 verbose stack     at maybeClose (internal/child_process.js:925:16)
13 verbose stack     at Process.ChildProcess._handle.onexit (internal/child_process.js:209:5)
14 verbose pkgid nurture.com@0.1.0
15 verbose cwd /home/ankit/nurture.com
16 verbose Linux 4.15.0-45-generic
17 verbose argv "/usr/bin/node" "/usr/local/bin/npm" "start"
18 verbose node v8.10.0
19 verbose npm  v6.8.0
20 error code ELIFECYCLE
21 error errno 1
22 error nurture.com@0.1.0 start: `react-scripts start`
22 error Exit status 1
23 error Failed at the nurture.com@0.1.0 start script.
23 error This is probably not a problem with npm. There is likely additional logging output above.
24 verbose exit [ 1, true ]
